<?xml version="1.0" encoding="UTF-8"?>
<!-- Generated by org.testng.reporters.JUnitReportReporter -->
<testsuite hostname="Leandros-MBP.fibertel.com.ar" failures="0" tests="1" name="tests.HomePageLoginTtest" time="0.081" errors="0" timestamp="2024-12-07T16:03:08 ART" skipped="0">
  <testcase classname="tests.HomePageLoginTtest" name="successfulLogin" time="0.081"/>
</testsuite> <!-- tests.HomePageLoginTtest -->
