<?xml version="1.0" encoding="UTF-8"?>
<!-- Generated by org.testng.reporters.JUnitReportReporter -->
<testsuite hostname="Leandros-MacBook-Pro.local" failures="0" tests="1" name="tests.DynamicControlsPageTest" time="7.448" errors="0" timestamp="2024-12-07T23:07:07 ART" skipped="0">
  <testcase classname="tests.DynamicControlsPageTest" name="verifyCheckboxRemovalAndReappearance" time="7.448"/>
</testsuite> <!-- tests.DynamicControlsPageTest -->
