<?xml version="1.0" encoding="UTF-8"?>
<!-- Generated by org.testng.reporters.JUnitReportReporter -->
<testsuite hostname="Leandros-MacBook-Pro.local" failures="0" tests="2" name="tests.DynamicControlsPageTest" time="15.784" errors="0" timestamp="2024-12-07T22:36:42 ART" skipped="0">
  <testcase classname="tests.DynamicControlsPageTest" name="verifyCheckboxRemovalAndReappearance" time="7.412"/>
  <testcase classname="tests.DynamicControlsPageTest" name="verifyInputEnableFunctionality" time="8.372"/>
</testsuite> <!-- tests.DynamicControlsPageTest -->
