<?xml version="1.0" encoding="UTF-8"?>
<!-- Generated by org.testng.reporters.JUnitReportReporter -->
<testsuite hostname="Leandros-MacBook-Pro.local" failures="0" tests="2" name="tests.DynamicControlsPageTest" time="14.183" errors="0" timestamp="2024-12-08T00:31:58 ART" skipped="0">
  <testcase classname="tests.DynamicControlsPageTest" name="verifyInputEnableFunctionality" time="6.333"/>
  <testcase classname="tests.DynamicControlsPageTest" name="verifyCheckboxRemovalAndReappearance" time="7.850"/>
</testsuite> <!-- tests.DynamicControlsPageTest -->
